# JRE version: OpenJDK Runtime Environment Temurin-21.0.8+9 (21.0.8+9) (build 21.0.8+9-LTS)
# Java VM: OpenJDK 64-Bit Server VM Temurin-21.0.8+9 (21.0.8+9-LTS, mixed mode, tiered, compressed oops, compressed class ptrs, g1 gc, windows-amd64)
GC Precious Log:
 CardTable entry size: 512
 Card Set container configuration: InlinePtr #cards 5 size 8 Array Of Cards #cards 12 size 40 Howl #buckets 4 coarsen threshold 1843 Howl Bitmap #cards 512 size 80 coarsen threshold 460 Card regions per heap region 1 cards per card region 2048
 CPUs: 8 total, 8 available
 Memory: 16177M
 Large Page Support: Disabled
 NUMA Support: Disabled
 Compressed Oops: Enabled (32-bit)
 Heap Region Size: 1M
 Heap Min Capacity: 8M
 Heap Initial Capacity: 254M
 Heap Max Capacity: 1G
 Pre-touch: Disabled
 Parallel Workers: 8
 Concurrent Workers: 2
 Concurrent Refinement Workers: 8
 Periodic GC: Disabled
Heap:
 garbage-first heap   total 122880K, used 89681K [0x00000000c0000000, 0x0000000100000000)
  region size 1024K, 43 young (44032K), 5 survivors (5120K)
 Metaspace       used 115242K, committed 116032K, reserved 1179648K
  class space    used 14820K, committed 15168K, reserved 1048576K
GC Heap History (20 events):
Event: 7.662 GC heap before
{Heap before GC invocations=6 (full 0):
 garbage-first heap   total 86016K, used 28438K [0x00000000c0000000, 0x0000000100000000)
  region size 1024K, 2 young (2048K), 1 survivors (1024K)
 Metaspace       used 36429K, committed 36736K, reserved 1114112K
  class space    used 4438K, committed 4608K, reserved 1048576K
}
Event: 7.663 GC heap after
{Heap after GC invocations=7 (full 0):
 garbage-first heap   total 86016K, used 27810K [0x00000000c0000000, 0x0000000100000000)
  region size 1024K, 1 young (1024K), 1 survivors (1024K)
 Metaspace       used 36429K, committed 36736K, reserved 1114112K
  class space    used 4438K, committed 4608K, reserved 1048576K
}
Event: 8.663 GC heap before
{Heap before GC invocations=8 (full 0):
 garbage-first heap   total 86016K, used 65698K [0x00000000c0000000, 0x0000000100000000)
  region size 1024K, 39 young (39936K), 1 survivors (1024K)
 Metaspace       used 46644K, committed 46976K, reserved 1114112K
  class space    used 5732K, committed 5888K, reserved 1048576K
}
Event: 8.667 GC heap after
{Heap after GC invocations=9 (full 0):
 garbage-first heap   total 86016K, used 31129K [0x00000000c0000000, 0x0000000100000000)
  region size 1024K, 4 young (4096K), 4 survivors (4096K)
 Metaspace       used 46644K, committed 46976K, reserved 1114112K
  class space    used 5732K, committed 5888K, reserved 1048576K
}
Event: 26.503 GC heap before
{Heap before GC invocations=9 (full 0):
 garbage-first heap   total 86016K, used 67993K [0x00000000c0000000, 0x0000000100000000)
  region size 1024K, 41 young (41984K), 4 survivors (4096K)
 Metaspace       used 54892K, committed 55232K, reserved 1114112K
  class space    used 6683K, committed 6848K, reserved 1048576K
}
Event: 26.510 GC heap after
{Heap after GC invocations=10 (full 0):
 garbage-first heap   total 86016K, used 33989K [0x00000000c0000000, 0x0000000100000000)
  region size 1024K, 3 young (3072K), 3 survivors (3072K)
 Metaspace       used 54892K, committed 55232K, reserved 1114112K
  class space    used 6683K, committed 6848K, reserved 1048576K
}
Event: 172.477 GC heap before
{Heap before GC invocations=10 (full 0):
 garbage-first heap   total 86016K, used 60613K [0x00000000c0000000, 0x0000000100000000)
  region size 1024K, 31 young (31744K), 3 survivors (3072K)
 Metaspace       used 60983K, committed 61376K, reserved 1114112K
  class space    used 7365K, committed 7552K, reserved 1048576K
}
Event: 172.480 GC heap after
{Heap after GC invocations=11 (full 0):
 garbage-first heap   total 86016K, used 36204K [0x00000000c0000000, 0x0000000100000000)
  region size 1024K, 3 young (3072K), 3 survivors (3072K)
 Metaspace       used 60983K, committed 61376K, reserved 1114112K
  class space    used 7365K, committed 7552K, reserved 1048576K
}
Event: 173.290 GC heap before
{Heap before GC invocations=12 (full 0):
 garbage-first heap   total 86016K, used 72044K [0x00000000c0000000, 0x0000000100000000)
  region size 1024K, 38 young (38912K), 3 survivors (3072K)
 Metaspace       used 71015K, committed 71424K, reserved 1114112K
  class space    used 8818K, committed 9024K, reserved 1048576K
}
Event: 173.293 GC heap after
{Heap after GC invocations=13 (full 0):
 garbage-first heap   total 86016K, used 38407K [0x00000000c0000000, 0x0000000100000000)
  region size 1024K, 5 young (5120K), 5 survivors (5120K)
 Metaspace       used 71015K, committed 71424K, reserved 1114112K
  class space    used 8818K, committed 9024K, reserved 1048576K
}
Event: 173.940 GC heap before
{Heap before GC invocations=13 (full 0):
 garbage-first heap   total 86016K, used 73223K [0x00000000c0000000, 0x0000000100000000)
  region size 1024K, 39 young (39936K), 5 survivors (5120K)
 Metaspace       used 80317K, committed 80704K, reserved 1179648K
  class space    used 10093K, committed 10240K, reserved 1048576K
}
Event: 173.944 GC heap after
{Heap after GC invocations=14 (full 0):
 garbage-first heap   total 86016K, used 41021K [0x00000000c0000000, 0x0000000100000000)
  region size 1024K, 5 young (5120K), 5 survivors (5120K)
 Metaspace       used 80317K, committed 80704K, reserved 1179648K
  class space    used 10093K, committed 10240K, reserved 1048576K
}
Event: 174.567 GC heap before
{Heap before GC invocations=14 (full 0):
 garbage-first heap   total 86016K, used 74813K [0x00000000c0000000, 0x0000000100000000)
  region size 1024K, 38 young (38912K), 5 survivors (5120K)
 Metaspace       used 90167K, committed 90624K, reserved 1179648K
  class space    used 11316K, committed 11520K, reserved 1048576K
}
Event: 174.571 GC heap after
{Heap after GC invocations=15 (full 0):
 garbage-first heap   total 86016K, used 43751K [0x00000000c0000000, 0x0000000100000000)
  region size 1024K, 3 young (3072K), 3 survivors (3072K)
 Metaspace       used 90167K, committed 90624K, reserved 1179648K
  class space    used 11316K, committed 11520K, reserved 1048576K
}
Event: 175.068 GC heap before
{Heap before GC invocations=15 (full 0):
 garbage-first heap   total 86016K, used 75495K [0x00000000c0000000, 0x0000000100000000)
  region size 1024K, 34 young (34816K), 3 survivors (3072K)
 Metaspace       used 97323K, committed 97856K, reserved 1179648K
  class space    used 12311K, committed 12544K, reserved 1048576K
}
Event: 175.071 GC heap after
{Heap after GC invocations=16 (full 0):
 garbage-first heap   total 86016K, used 44941K [0x00000000c0000000, 0x0000000100000000)
  region size 1024K, 4 young (4096K), 4 survivors (4096K)
 Metaspace       used 97323K, committed 97856K, reserved 1179648K
  class space    used 12311K, committed 12544K, reserved 1048576K
}
Event: 179.565 GC heap before
{Heap before GC invocations=17 (full 0):
 garbage-first heap   total 107520K, used 105357K [0x00000000c0000000, 0x0000000100000000)
  region size 1024K, 34 young (34816K), 4 survivors (4096K)
 Metaspace       used 101689K, committed 102464K, reserved 1179648K
  class space    used 13100K, committed 13440K, reserved 1048576K
}
Event: 179.570 GC heap after
{Heap after GC invocations=18 (full 0):
 garbage-first heap   total 113664K, used 47270K [0x00000000c0000000, 0x0000000100000000)
  region size 1024K, 4 young (4096K), 4 survivors (4096K)
 Metaspace       used 101689K, committed 102464K, reserved 1179648K
  class space    used 13100K, committed 13440K, reserved 1048576K
}
Event: 182.612 GC heap before
{Heap before GC invocations=18 (full 0):
 garbage-first heap   total 113664K, used 111782K [0x00000000c0000000, 0x0000000100000000)
  region size 1024K, 51 young (52224K), 4 survivors (4096K)
 Metaspace       used 114362K, committed 115136K, reserved 1179648K
  class space    used 14752K, committed 15104K, reserved 1048576K
}
Event: 182.618 GC heap after
{Heap after GC invocations=19 (full 0):
 garbage-first heap   total 122880K, used 50866K [0x00000000c0000000, 0x0000000100000000)
  region size 1024K, 8 young (8192K), 8 survivors (8192K)
 Metaspace       used 114362K, committed 115136K, reserved 1179648K
  class space    used 14752K, committed 15104K, reserved 1048576K
}

